c:\dev\deep\deep\vendor\tracy\bin\debug-windows-x86_64\tracy\tracy.pdb
c:\dev\deep\deep\vendor\tracy\bin\debug-windows-x86_64\tracy\tracy.idb
c:\dev\deep\deep\vendor\tracy\bin-int\debug-windows-x86_64\tracy\state.obj
c:\dev\deep\deep\vendor\tracy\bin-int\debug-windows-x86_64\tracy\sort.obj
c:\dev\deep\deep\vendor\tracy\bin-int\debug-windows-x86_64\tracy\alloc.obj
c:\dev\deep\deep\vendor\tracy\bin-int\debug-windows-x86_64\tracy\tracy_lz4hc.obj
c:\dev\deep\deep\vendor\tracy\bin-int\debug-windows-x86_64\tracy\tracy_lz4.obj
c:\dev\deep\deep\vendor\tracy\bin-int\debug-windows-x86_64\tracy\tracysystem.obj
c:\dev\deep\deep\vendor\tracy\bin-int\debug-windows-x86_64\tracy\tracystackframes.obj
c:\dev\deep\deep\vendor\tracy\bin-int\debug-windows-x86_64\tracy\tracysocket.obj
c:\dev\deep\deep\vendor\tracy\bin-int\debug-windows-x86_64\tracy\tracy_rpmalloc.obj
c:\dev\deep\deep\vendor\tracy\bin-int\debug-windows-x86_64\tracy\tracysystrace.obj
c:\dev\deep\deep\vendor\tracy\bin-int\debug-windows-x86_64\tracy\tracysystime.obj
c:\dev\deep\deep\vendor\tracy\bin-int\debug-windows-x86_64\tracy\tracysyspower.obj
c:\dev\deep\deep\vendor\tracy\bin-int\debug-windows-x86_64\tracy\tracyprofiler.obj
c:\dev\deep\deep\vendor\tracy\bin-int\debug-windows-x86_64\tracy\tracyoverride.obj
c:\dev\deep\deep\vendor\tracy\bin-int\debug-windows-x86_64\tracy\tracydxt1.obj
c:\dev\deep\deep\vendor\tracy\bin-int\debug-windows-x86_64\tracy\tracycallstack.obj
c:\dev\deep\deep\vendor\tracy\bin-int\debug-windows-x86_64\tracy\tracyalloc.obj
c:\dev\deep\deep\vendor\tracy\bin\debug-windows-x86_64\tracy\tracy.lib
c:\dev\deep\deep\vendor\tracy\bin-int\debug-windows-x86_64\tracy\tracy.tlog\cl.command.1.tlog
c:\dev\deep\deep\vendor\tracy\bin-int\debug-windows-x86_64\tracy\tracy.tlog\cl.items.tlog
c:\dev\deep\deep\vendor\tracy\bin-int\debug-windows-x86_64\tracy\tracy.tlog\cl.read.1.tlog
c:\dev\deep\deep\vendor\tracy\bin-int\debug-windows-x86_64\tracy\tracy.tlog\cl.write.1.tlog
c:\dev\deep\deep\vendor\tracy\bin-int\debug-windows-x86_64\tracy\tracy.tlog\lib-link.read.1.tlog
c:\dev\deep\deep\vendor\tracy\bin-int\debug-windows-x86_64\tracy\tracy.tlog\lib-link.write.1.tlog
c:\dev\deep\deep\vendor\tracy\bin-int\debug-windows-x86_64\tracy\tracy.tlog\lib.command.1.tlog
